2024-12-01 08:33:36 [INFO]: abc
2024-12-01 08:33:44 [INFO]: abc
2024-12-01 08:33:58 [INFO]: abc
2024-12-01 08:33:58 [ERROR]: sfsd
2024-12-01 08:34:08 [INFO]: abc
2024-12-01 08:34:23 [INFO]: abc
2024-12-01 08:34:28 [INFO]: [server]: Server is running at http://localhost:3000
2024-12-01 08:34:29 [INFO]: [server]: Server is running at http://localhost:3000
2024-12-01 08:34:38 [INFO]: [server]: Server is running at http://localhost:3000
2024-12-01 08:34:55 [INFO]: Database connection successful!
2024-12-01 08:34:55 [INFO]: [server]: Server is running at http://localhost:3000
2024-12-01 08:35:01 [INFO]: Database connection successful!
2024-12-01 08:35:01 [INFO]: [server]: Server is running at http://localhost:3000
2024-12-01 08:35:12 [INFO]: Database connection successful!
2024-12-01 08:35:12 [INFO]: [server]: Server is running at http://localhost:3000
2024-12-05 22:46:06 [ERROR]: AggregateError [ECONNREFUSED]: 
    at internalConnectMultiple (node:net:1118:18)
    at afterConnectMultiple (node:net:1685:7)
2024-12-05 22:46:29 [INFO]: [server]: Server is running at http://localhost:3000
2024-12-05 22:46:45 [INFO]: [server]: Server is running at http://localhost:3000
2024-12-05 22:48:18 [INFO]: [server]: Server is running at http://localhost:3000
2024-12-05 22:49:00 [INFO]: [server]: Server is running at http://localhost:3000
2024-12-05 22:49:20 [INFO]: [server]: Server is running at http://localhost:3000
2024-12-05 22:49:27 [INFO]: [server]: Server is running at http://localhost:3000
2024-12-05 22:49:34 [INFO]: [server]: Server is running at http://localhost:3000
2024-12-05 22:49:38 [INFO]: [server]: Server is running at http://localhost:3000
2024-12-05 22:49:57 [INFO]: [server]: Server is running at http://localhost:3000
2024-12-05 22:50:16 [INFO]: [server]: Server is running at http://localhost:3000
2024-12-05 22:51:12 [INFO]: [server]: Server is running at http://localhost:3000
2024-12-05 22:51:16 [INFO]: [server]: Server is running at http://localhost:3000
2024-12-05 22:51:21 [INFO]: [server]: Server is running at http://localhost:3000
2024-12-05 22:51:55 [INFO]: [server]: Server is running at http://localhost:3000
2024-12-05 22:52:12 [INFO]: [server]: Server is running at http://localhost:3000
2024-12-05 22:52:17 [INFO]: [server]: Server is running at http://localhost:3000
2024-12-05 22:52:41 [INFO]: [server]: Server is running at http://localhost:3000
2024-12-05 22:52:43 [INFO]: [server]: Server is running at http://localhost:3000
2024-12-05 22:52:46 [INFO]: [server]: Server is running at http://localhost:3000
2024-12-05 22:53:15 [INFO]: [server]: Server is running at http://localhost:3000
2024-12-05 22:53:20 [INFO]: [server]: Server is running at http://localhost:3000
2024-12-05 22:53:46 [INFO]: [server]: Server is running at http://localhost:3000
2024-12-05 22:53:55 [INFO]: [server]: Server is running at http://localhost:3000
2024-12-05 22:54:23 [INFO]: [server]: Server is running at http://localhost:3000
2024-12-05 22:54:28 [INFO]: [server]: Server is running at http://localhost:3000
2024-12-05 22:54:42 [INFO]: [server]: Server is running at http://localhost:3000
2024-12-05 22:54:44 [INFO]: [server]: Server is running at http://localhost:3000
2024-12-05 22:54:50 [INFO]: [server]: Server is running at http://localhost:3000
2024-12-05 22:54:52 [INFO]: [server]: Server is running at http://localhost:3000
2024-12-05 22:54:56 [INFO]: [server]: Server is running at http://localhost:3000
2024-12-05 22:55:06 [INFO]: [server]: Server is running at http://localhost:3000
2024-12-05 22:55:08 [INFO]: [server]: Server is running at http://localhost:3000
2024-12-05 22:55:24 [INFO]: [server]: Server is running at http://localhost:3000
2024-12-05 22:55:26 [INFO]: [server]: Server is running at http://localhost:3000
2024-12-05 22:55:40 [INFO]: [server]: Server is running at http://localhost:3000
2024-12-05 22:55:42 [INFO]: [server]: Server is running at http://localhost:3000
2024-12-05 22:59:13 [INFO]: [server]: Server is running at http://localhost:3000
2024-12-05 22:59:51 [INFO]: [server]: Server is running at http://localhost:3000
2024-12-05 23:00:05 [INFO]: [server]: Server is running at http://localhost:3000
2024-12-05 23:00:16 [INFO]: [server]: Server is running at http://localhost:3000
2024-12-05 23:00:25 [INFO]: [server]: Server is running at http://localhost:3000
2024-12-05 23:00:31 [INFO]: [server]: Server is running at http://localhost:3000
2024-12-05 23:00:34 [INFO]: [server]: Server is running at http://localhost:3000
2024-12-05 23:00:42 [INFO]: [server]: Server is running at http://localhost:3000
2024-12-05 23:00:43 [INFO]: [server]: Server is running at http://localhost:3000
2024-12-05 23:00:49 [INFO]: [server]: Server is running at http://localhost:3000
2024-12-05 23:00:51 [INFO]: [server]: Server is running at http://localhost:3000
2024-12-05 23:01:09 [INFO]: [server]: Server is running at http://localhost:3000
2024-12-05 23:01:56 [INFO]: [server]: Server is running at http://localhost:3000
2024-12-05 23:01:57 [INFO]: [server]: Server is running at http://localhost:3000
2024-12-05 23:02:02 [INFO]: [server]: Server is running at http://localhost:3000
2024-12-05 23:02:06 [INFO]: [server]: Server is running at http://localhost:3000
2024-12-05 23:02:10 [INFO]: [server]: Server is running at http://localhost:3000
2024-12-05 23:02:18 [INFO]: [server]: Server is running at http://localhost:3000
2024-12-05 23:03:00 [INFO]: [server]: Server is running at http://localhost:3000
2024-12-05 23:03:39 [INFO]: [server]: Server is running at http://localhost:3000
2024-12-05 23:03:42 [INFO]: [server]: Server is running at http://localhost:3000
2024-12-05 23:03:57 [INFO]: [server]: Server is running at http://localhost:3000
2024-12-05 23:04:14 [INFO]: [server]: Server is running at http://localhost:3000
2024-12-05 23:04:17 [INFO]: [server]: Server is running at http://localhost:3000
2024-12-05 23:04:24 [INFO]: [server]: Server is running at http://localhost:3000
2024-12-05 23:05:15 [INFO]: [server]: Server is running at http://localhost:3000
2024-12-05 23:05:17 [INFO]: [server]: Server is running at http://localhost:3000
2024-12-05 23:05:38 [INFO]: [server]: Server is running at http://localhost:3000
2024-12-05 23:05:40 [INFO]: [server]: Server is running at http://localhost:3000
2024-12-05 23:06:32 [INFO]: [server]: Server is running at http://localhost:3000
2024-12-05 23:06:36 [INFO]: [server]: Server is running at http://localhost:3000
2024-12-05 23:06:42 [INFO]: [server]: Server is running at http://localhost:3000
2024-12-05 23:06:50 [INFO]: [server]: Server is running at http://localhost:3000
2024-12-05 23:06:55 [INFO]: [server]: Server is running at http://localhost:3000
2024-12-05 23:06:58 [INFO]: [server]: Server is running at http://localhost:3000
2024-12-05 23:07:05 [INFO]: [server]: Server is running at http://localhost:3000
2024-12-05 23:07:42 [INFO]: [server]: Server is running at http://localhost:3000
2024-12-05 23:07:56 [INFO]: [server]: Server is running at http://localhost:3000
2024-12-05 23:09:42 [INFO]: [server]: Server is running at http://localhost:3000
2024-12-05 23:10:31 [INFO]: [server]: Server is running at http://localhost:3000
2024-12-05 23:10:32 [INFO]: [server]: Server is running at http://localhost:3000
2024-12-05 23:10:39 [INFO]: [server]: Server is running at http://localhost:3000
2024-12-05 23:11:49 [INFO]: [server]: Server is running at http://localhost:3000
2024-12-05 23:12:11 [INFO]: [server]: Server is running at http://localhost:3000
2024-12-05 23:12:16 [INFO]: [server]: Server is running at http://localhost:3000
2024-12-05 23:12:39 [INFO]: [server]: Server is running at http://localhost:3000
2024-12-05 23:12:57 [INFO]: [server]: Server is running at http://localhost:3000
2024-12-05 23:13:12 [INFO]: [server]: Server is running at http://localhost:3000
2024-12-05 23:13:16 [INFO]: [server]: Server is running at http://localhost:3000
2024-12-05 23:13:23 [INFO]: [server]: Server is running at http://localhost:3000
2024-12-05 23:13:41 [INFO]: [server]: Server is running at http://localhost:3000
2024-12-05 23:13:52 [INFO]: [server]: Server is running at http://localhost:3000
2024-12-05 23:13:56 [INFO]: [server]: Server is running at http://localhost:3000
2024-12-05 23:14:18 [INFO]: [server]: Server is running at http://localhost:3000
2024-12-05 23:14:21 [INFO]: [server]: Server is running at http://localhost:3000
2024-12-05 23:14:27 [INFO]: [server]: Server is running at http://localhost:3000
2024-12-05 23:14:28 [INFO]: [server]: Server is running at http://localhost:3000
2024-12-05 23:14:30 [INFO]: [server]: Server is running at http://localhost:3000
2024-12-05 23:14:33 [INFO]: [server]: Server is running at http://localhost:3000
2024-12-05 23:14:43 [INFO]: [server]: Server is running at http://localhost:3000
2024-12-05 23:14:48 [INFO]: [server]: Server is running at http://localhost:3000
2024-12-05 23:14:55 [INFO]: [server]: Server is running at http://localhost:3000
2024-12-05 23:15:03 [INFO]: [server]: Server is running at http://localhost:3000
2024-12-05 23:15:05 [INFO]: [server]: Server is running at http://localhost:3000
2024-12-05 23:15:08 [INFO]: [server]: Server is running at http://localhost:3000
2024-12-05 23:15:10 [INFO]: [server]: Server is running at http://localhost:3000
2024-12-05 23:16:13 [INFO]: [server]: Server is running at http://localhost:3000
2024-12-05 23:16:21 [INFO]: [server]: Server is running at http://localhost:3000
2024-12-05 23:16:23 [INFO]: [server]: Server is running at http://localhost:3000
2024-12-05 23:16:26 [INFO]: [server]: Server is running at http://localhost:3000
2024-12-05 23:16:37 [INFO]: [server]: Server is running at http://localhost:3000
2024-12-05 23:16:52 [INFO]: [server]: Server is running at http://localhost:3000
2024-12-05 23:17:16 [INFO]: [server]: Server is running at http://localhost:3000
2024-12-05 23:17:21 [INFO]: [server]: Server is running at http://localhost:3000
2024-12-05 23:17:25 [INFO]: [server]: Server is running at http://localhost:3000
2024-12-05 23:19:14 [INFO]: [server]: Server is running at http://localhost:3000
2024-12-05 23:19:20 [INFO]: [server]: Server is running at http://localhost:3000
2024-12-05 23:19:26 [INFO]: [server]: Server is running at http://localhost:3000
2024-12-05 23:19:59 [INFO]: [server]: Server is running at http://localhost:3000
2024-12-05 23:20:45 [INFO]: [server]: Server is running at http://localhost:3000
2024-12-05 23:20:47 [INFO]: [server]: Server is running at http://localhost:3000
2024-12-05 23:20:50 [INFO]: [server]: Server is running at http://localhost:3000
2024-12-05 23:21:03 [INFO]: [server]: Server is running at http://localhost:3000
2024-12-05 23:21:05 [INFO]: [server]: Server is running at http://localhost:3000
2024-12-05 23:21:13 [INFO]: [server]: Server is running at http://localhost:3000
2024-12-05 23:21:29 [INFO]: [server]: Server is running at http://localhost:3000
2024-12-05 23:21:44 [INFO]: [server]: Server is running at http://localhost:3000
2024-12-05 23:21:58 [INFO]: [server]: Server is running at http://localhost:3000
2024-12-05 23:22:00 [INFO]: [server]: Server is running at http://localhost:3000
2024-12-05 23:23:01 [INFO]: [server]: Server is running at http://localhost:3000
2024-12-05 23:23:02 [INFO]: [server]: Server is running at http://localhost:3000
2024-12-05 23:23:41 [INFO]: [server]: Server is running at http://localhost:3000
2024-12-05 23:24:01 [INFO]: [server]: Server is running at http://localhost:3000
2024-12-05 23:24:09 [INFO]: [server]: Server is running at http://localhost:3000
2024-12-05 23:25:33 [INFO]: [server]: Server is running at http://localhost:3000
2024-12-05 23:25:36 [INFO]: [server]: Server is running at http://localhost:3000
2024-12-05 23:25:38 [INFO]: [server]: Server is running at http://localhost:3000
2024-12-05 23:25:39 [INFO]: [server]: Server is running at http://localhost:3000
2024-12-05 23:30:39 [INFO]: [server]: Server is running at http://localhost:3000
2024-12-05 23:48:21 [INFO]: [server]: Server is running at http://localhost:3000
2024-12-05 23:51:31 [INFO]: [server]: Server is running at http://localhost:3000
2024-12-05 23:51:45 [INFO]: [server]: Server is running at http://localhost:3000
2024-12-05 23:56:26 [INFO]: [server]: Server is running at http://localhost:3000
2024-12-05 23:56:57 [INFO]: [server]: Server is running at http://localhost:3000
2024-12-05 23:56:58 [INFO]: [server]: Server is running at http://localhost:3000
2024-12-05 23:57:08 [INFO]: [server]: Server is running at http://localhost:3000
2024-12-05 23:57:29 [INFO]: [server]: Server is running at http://localhost:3000
2024-12-05 23:57:30 [INFO]: [server]: Server is running at http://localhost:3000
